<?xml version="1.0" encoding="UTF-8"?>
<!-- Generated by org.testng.reporters.JUnitXMLReporter -->
<testsuite ignored="0" hostname="LAPTOP-0GFUST29" failures="1" tests="2" name="Test" time="3.975" errors="0" timestamp="2024-02-18T00:24:59 IST">
  <testcase classname="testcases.CreateEmployee_03" name="CreateEmployee" time="2.938"/>
  <testcase classname="testcases.GetAllEmployees_01" name="GetAllEmployees" time="0.964">
    <failure type="java.lang.AssertionError" message="expected [200] but found [429]">
      <![CDATA[java.lang.AssertionError: expected [200] but found [429]
at testcases.GetAllEmployees_01.GetAllEmployees(GetAllEmployees_01.java:23)
at java.base/java.util.ArrayList.forEach(ArrayList.java:1511)
... Removed 32 stack frames]]>
    </failure>
  </testcase> <!-- GetAllEmployees -->
</testsuite> <!-- Test -->
